<?xml version="1.0" encoding="UTF-8"?>
<!-- Generated by org.testng.reporters.JUnitXMLReporter -->
<testsuite hostname="A2ML18523" ignored="0" name="Default test" tests="5" failures="0" timestamp="2020-02-17T17:19:23 IST" time="112.189" errors="0">
  <testcase name="BrokenLinks" time="13.989" classname="manjunath.newtours.newtoursTests"/>
  <testcase name="CruiseBooking" time="29.846" classname="manjunath.newtours.newtoursTests"/>
  <testcase name="FlightsBooking" time="29.065" classname="manjunath.newtours.newtoursTests"/>
  <testcase name="Login" time="19.118" classname="manjunath.newtours.newtoursTests"/>
  <testcase name="Register" time="20.09" classname="manjunath.newtours.newtoursTests"/>
</testsuite> <!-- Default test -->
