<?xml version="1.0" encoding="UTF-8"?>
<testng-results skipped="0" failed="0" ignored="0" total="5" passed="5">
  <reporter-output>
    <line>
      <![CDATA[Starting the applicaton]]>
    </line>
    <line>
      <![CDATA[Starting the applicaton]]>
    </line>
    <line>
      <![CDATA[Crise booking process started]]>
    </line>
    <line>
      <![CDATA[Starting the applicaton]]>
    </line>
    <line>
      <![CDATA[Flight booking process started]]>
    </line>
    <line>
      <![CDATA[Starting the applicaton]]>
    </line>
    <line>
      <![CDATA[Login process started]]>
    </line>
    <line>
      <![CDATA[Starting the applicaton]]>
    </line>
    <line>
      <![CDATA[Registartion process started]]>
    </line>
  </reporter-output>
  <suite name="Default suite" duration-ms="112189" started-at="2020-02-17T17:17:31 IST" finished-at="2020-02-17T17:19:23 IST">
    <groups>
    </groups>
    <test name="Default test" duration-ms="112189" started-at="2020-02-17T17:17:31 IST" finished-at="2020-02-17T17:19:23 IST">
      <class name="manjunath.newtours.newtoursTests">
        <test-method status="PASS" signature="BrokenLinks()[pri:0, instance:manjunath.newtours.newtoursTests@aecb35a]" name="BrokenLinks" duration-ms="13989" started-at="2020-02-17T17:17:31 IST" finished-at="2020-02-17T17:17:45 IST">
          <reporter-output>
            <line>
              <![CDATA[Starting the applicaton]]>
            </line>
          </reporter-output>
        </test-method> <!-- BrokenLinks -->
        <test-method status="PASS" signature="CruiseBooking()[pri:0, instance:manjunath.newtours.newtoursTests@aecb35a]" name="CruiseBooking" duration-ms="29846" started-at="2020-02-17T17:17:45 IST" finished-at="2020-02-17T17:18:15 IST">
          <reporter-output>
            <line>
              <![CDATA[Starting the applicaton]]>
            </line>
            <line>
              <![CDATA[Crise booking process started]]>
            </line>
          </reporter-output>
        </test-method> <!-- CruiseBooking -->
        <test-method status="PASS" signature="FlightsBooking()[pri:0, instance:manjunath.newtours.newtoursTests@aecb35a]" name="FlightsBooking" duration-ms="29065" started-at="2020-02-17T17:18:15 IST" finished-at="2020-02-17T17:18:44 IST">
          <reporter-output>
            <line>
              <![CDATA[Starting the applicaton]]>
            </line>
            <line>
              <![CDATA[Flight booking process started]]>
            </line>
          </reporter-output>
        </test-method> <!-- FlightsBooking -->
        <test-method status="PASS" signature="Login()[pri:0, instance:manjunath.newtours.newtoursTests@aecb35a]" name="Login" duration-ms="19118" started-at="2020-02-17T17:18:44 IST" finished-at="2020-02-17T17:19:03 IST">
          <reporter-output>
            <line>
              <![CDATA[Starting the applicaton]]>
            </line>
            <line>
              <![CDATA[Login process started]]>
            </line>
          </reporter-output>
        </test-method> <!-- Login -->
        <test-method status="PASS" signature="Register()[pri:0, instance:manjunath.newtours.newtoursTests@aecb35a]" name="Register" duration-ms="20090" started-at="2020-02-17T17:19:03 IST" finished-at="2020-02-17T17:19:23 IST">
          <reporter-output>
            <line>
              <![CDATA[Starting the applicaton]]>
            </line>
            <line>
              <![CDATA[Registartion process started]]>
            </line>
          </reporter-output>
        </test-method> <!-- Register -->
      </class> <!-- manjunath.newtours.newtoursTests -->
    </test> <!-- Default test -->
  </suite> <!-- Default suite -->
</testng-results>
